0 info it worked if it ends with ok
1 verbose cli [ 'C:\\nodejs\\node.exe',
1 verbose cli   'C:\\nodejs\\node_modules\\npm\\bin\\npm-cli.js',
1 verbose cli   'start' ]
2 info using npm@3.10.10
3 info using node@v6.11.1
4 verbose run-script [ 'prestart', 'start', 'poststart' ]
5 info lifecycle demo_electron@1.0.0~prestart: demo_electron@1.0.0
6 silly lifecycle demo_electron@1.0.0~prestart: no script for prestart, continuing
7 info lifecycle demo_electron@1.0.0~start: demo_electron@1.0.0
8 verbose lifecycle demo_electron@1.0.0~start: unsafe-perm in lifecycle true
9 verbose lifecycle demo_electron@1.0.0~start: PATH: C:\nodejs\node_modules\npm\bin\node-gyp-bin;D:\project\chat\Client\node_modules\.bin;C:\ProgramData\Oracle\Java\javapath;C:\windows\system32;C:\windows;C:\windows\System32\Wbem;C:\windows\System32\WindowsPowerShell\v1.0\;C:\Program Files\MongoDB\Server\3.4\bin;E:\Java\jdk1.8.0_161\bin;E:\Java\jdk1.8.0_161\jre\bin;C:\Users\Administrator\AppData\Roaming\npm;C:\nodejs\;E:\Program Files\Git\cmd;C:\Program Files (x86)\SSH Communications Security\SSH Secure Shell;E:\Program Files\Microsoft VS Code\bin;C:\Users\Administrator\AppData\Roaming\npm
10 verbose lifecycle demo_electron@1.0.0~start: CWD: D:\project\chat\Client
11 silly lifecycle demo_electron@1.0.0~start: Args: [ '/d /s /c', 'electron .' ]
12 silly lifecycle demo_electron@1.0.0~start: Returned: code: 3221225786  signal: null
13 info lifecycle demo_electron@1.0.0~start: Failed to exec start script
14 verbose stack Error: demo_electron@1.0.0 start: `electron .`
14 verbose stack Exit status 3221225786
14 verbose stack     at EventEmitter.<anonymous> (C:\nodejs\node_modules\npm\lib\utils\lifecycle.js:255:16)
14 verbose stack     at emitTwo (events.js:106:13)
14 verbose stack     at EventEmitter.emit (events.js:191:7)
14 verbose stack     at ChildProcess.<anonymous> (C:\nodejs\node_modules\npm\lib\utils\spawn.js:40:14)
14 verbose stack     at emitTwo (events.js:106:13)
14 verbose stack     at ChildProcess.emit (events.js:191:7)
14 verbose stack     at maybeClose (internal/child_process.js:891:16)
14 verbose stack     at Process.ChildProcess._handle.onexit (internal/child_process.js:226:5)
15 verbose pkgid demo_electron@1.0.0
16 verbose cwd D:\project\chat\Client
17 error Windows_NT 6.1.7601
18 error argv "C:\\nodejs\\node.exe" "C:\\nodejs\\node_modules\\npm\\bin\\npm-cli.js" "start"
19 error node v6.11.1
20 error npm  v3.10.10
21 error code ELIFECYCLE
22 error demo_electron@1.0.0 start: `electron .`
22 error Exit status 3221225786
23 error Failed at the demo_electron@1.0.0 start script 'electron .'.
23 error Make sure you have the latest version of node.js and npm installed.
23 error If you do, this is most likely a problem with the demo_electron package,
23 error not with npm itself.
23 error Tell the author that this fails on your system:
23 error     electron .
23 error You can get information on how to open an issue for this project with:
23 error     npm bugs demo_electron
23 error Or if that isn't available, you can get their info via:
23 error     npm owner ls demo_electron
23 error There is likely additional logging output above.
24 verbose exit [ 1, true ]
